<?xml version="1.0" encoding="UTF-8"?>
<!-- Generated by org.testng.reporters.JUnitXMLReporter -->
<testsuite ignored="0" hostname="DESKTOP-J24U306" failures="1" tests="1" name="AmazonTest" time="0.166" errors="0" timestamp="2025-07-11T19:54:44 IST">
  <testcase classname="seleniumGrid.AmazonTest" name="crossBrowserTest" time="0.0">
    <failure type="org.testng.TestNGException" message="
Parameter &amp;apos;bname&amp;apos; is required by @Test on method crossBrowserTest but has not been marked @Optional or defined
in D:\Workspace\Practice\AutomationDevops\testng.xml">
      <![CDATA[org.testng.TestNGException: 
Parameter 'bname' is required by @Test on method crossBrowserTest but has not been marked @Optional or defined
in D:\Workspace\Practice\AutomationDevops\testng.xml
at java.base/java.util.ArrayList.forEach(ArrayList.java:1597)
... Removed 26 stack frames]]>
    </failure>
  </testcase> <!-- crossBrowserTest -->
</testsuite> <!-- AmazonTest -->
